<?xml version="1.0" encoding="UTF-8"?>
<!-- Generated by org.testng.reporters.JUnitXMLReporter -->
<testsuite ignored="0" hostname="DESKTOP-VSODO1F" failures="1" tests="1" name="Test" time="87.055" errors="0" timestamp="2023-07-05T11:25:21 IST">
  <testcase classname="test.ValidatePolicyUserName" name="validateUserName" time="7.945">
    <failure type="java.lang.AssertionError" message="Both are matching Tc is failed expected [Neha Narayan Sawant] but found [Neha Narayan ]">
      <![CDATA[java.lang.AssertionError: Both are matching Tc is failed expected [Neha Narayan Sawant] but found [Neha Narayan ]
at test.ValidatePolicyUserName.validateUserName(ValidatePolicyUserName.java:85)
at java.base/java.util.ArrayList.forEach(ArrayList.java:1511)
... Removed 36 stack frames]]>
    </failure>
  </testcase> <!-- validateUserName -->
</testsuite> <!-- Test -->
